2019-11-11 12:06:11,315 INFO o.a.j.u.JMeterUtils: Setting Locale to en_US
2019-11-11 12:06:11,326 INFO o.a.j.JMeter: Loading user properties from: user.properties
2019-11-11 12:06:11,326 INFO o.a.j.JMeter: Loading system properties from: system.properties
2019-11-11 12:06:11,328 INFO o.a.j.JMeter: Copyright (c) 1998-2019 The Apache Software Foundation
2019-11-11 12:06:11,328 INFO o.a.j.JMeter: Version 5.2
2019-11-11 12:06:11,328 INFO o.a.j.JMeter: java.version=1.8.0_202
2019-11-11 12:06:11,328 INFO o.a.j.JMeter: java.vm.name=Java HotSpot(TM) 64-Bit Server VM
2019-11-11 12:06:11,328 INFO o.a.j.JMeter: os.name=Linux
2019-11-11 12:06:11,328 INFO o.a.j.JMeter: os.arch=amd64
2019-11-11 12:06:11,328 INFO o.a.j.JMeter: os.version=5.3.7-gentoo
2019-11-11 12:06:11,328 INFO o.a.j.JMeter: file.encoding=UTF-8
2019-11-11 12:06:11,329 INFO o.a.j.JMeter: java.awt.headless=null
2019-11-11 12:06:11,329 INFO o.a.j.JMeter: Max memory     =3706191872
2019-11-11 12:06:11,329 INFO o.a.j.JMeter: Available Processors =4
2019-11-11 12:06:11,332 INFO o.a.j.JMeter: Default Locale=English (United States)
2019-11-11 12:06:11,333 INFO o.a.j.JMeter: JMeter  Locale=English (United States)
2019-11-11 12:06:11,333 INFO o.a.j.JMeter: JMeterHome=/home/nomad/Documents/dotfiles/bin/jmeter/apache-jmeter-5.2
2019-11-11 12:06:11,333 INFO o.a.j.JMeter: user.dir  =/home/nomad/Documents/dotfiles/bin/jmeter/apache-jmeter-5.2/bin
2019-11-11 12:06:11,333 INFO o.a.j.JMeter: PWD       =/home/nomad/Documents/dotfiles/bin/jmeter/apache-jmeter-5.2/bin
2019-11-11 12:06:11,399 ERROR o.a.j.u.JMeterUtils: Unable to get local host IP address.
java.net.UnknownHostException: oquinena: oquinena: Name or service not known
	at java.net.InetAddress.getLocalHost(InetAddress.java:1506) ~[?:1.8.0_202]
	at org.apache.jmeter.util.JMeterUtils.getLocalHostDetails(JMeterUtils.java:1095) [ApacheJMeter_core.jar:5.2]
	at org.apache.jmeter.util.JMeterUtils.getLocalHostIP(JMeterUtils.java:1061) [ApacheJMeter_core.jar:5.2]
	at org.apache.jmeter.JMeter.start(JMeter.java:488) [ApacheJMeter_core.jar:5.2]
	at sun.reflect.NativeMethodAccessorImpl.invoke0(Native Method) ~[?:1.8.0_202]
	at sun.reflect.NativeMethodAccessorImpl.invoke(NativeMethodAccessorImpl.java:62) ~[?:1.8.0_202]
	at sun.reflect.DelegatingMethodAccessorImpl.invoke(DelegatingMethodAccessorImpl.java:43) ~[?:1.8.0_202]
	at java.lang.reflect.Method.invoke(Method.java:498) ~[?:1.8.0_202]
	at org.apache.jmeter.NewDriver.main(NewDriver.java:253) [ApacheJMeter.jar:5.2]
Caused by: java.net.UnknownHostException: oquinena: Name or service not known
	at java.net.Inet6AddressImpl.lookupAllHostAddr(Native Method) ~[?:1.8.0_202]
	at java.net.InetAddress$2.lookupAllHostAddr(InetAddress.java:929) ~[?:1.8.0_202]
	at java.net.InetAddress.getAddressesFromNameService(InetAddress.java:1324) ~[?:1.8.0_202]
	at java.net.InetAddress.getLocalHost(InetAddress.java:1501) ~[?:1.8.0_202]
	... 8 more
2019-11-11 12:06:11,428 ERROR o.a.j.u.JMeterUtils: Unable to get local host IP address.
java.net.UnknownHostException: oquinena: oquinena: Name or service not known
	at java.net.InetAddress.getLocalHost(InetAddress.java:1506) ~[?:1.8.0_202]
	at org.apache.jmeter.util.JMeterUtils.getLocalHostDetails(JMeterUtils.java:1095) [ApacheJMeter_core.jar:5.2]
	at org.apache.jmeter.util.JMeterUtils.getLocalHostName(JMeterUtils.java:1074) [ApacheJMeter_core.jar:5.2]
	at org.apache.jmeter.JMeter.start(JMeter.java:488) [ApacheJMeter_core.jar:5.2]
	at sun.reflect.NativeMethodAccessorImpl.invoke0(Native Method) ~[?:1.8.0_202]
	at sun.reflect.NativeMethodAccessorImpl.invoke(NativeMethodAccessorImpl.java:62) ~[?:1.8.0_202]
	at sun.reflect.DelegatingMethodAccessorImpl.invoke(DelegatingMethodAccessorImpl.java:43) ~[?:1.8.0_202]
	at java.lang.reflect.Method.invoke(Method.java:498) ~[?:1.8.0_202]
	at org.apache.jmeter.NewDriver.main(NewDriver.java:253) [ApacheJMeter.jar:5.2]
Caused by: java.net.UnknownHostException: oquinena: Name or service not known
	at java.net.Inet6AddressImpl.lookupAllHostAddr(Native Method) ~[?:1.8.0_202]
	at java.net.InetAddress$2.lookupAllHostAddr(InetAddress.java:929) ~[?:1.8.0_202]
	at java.net.InetAddress.getAddressesFromNameService(InetAddress.java:1324) ~[?:1.8.0_202]
	at java.net.InetAddress.getLocalHost(InetAddress.java:1501) ~[?:1.8.0_202]
	... 8 more
2019-11-11 12:06:11,453 ERROR o.a.j.u.JMeterUtils: Unable to get local host IP address.
java.net.UnknownHostException: oquinena: oquinena: Name or service not known
	at java.net.InetAddress.getLocalHost(InetAddress.java:1506) ~[?:1.8.0_202]
	at org.apache.jmeter.util.JMeterUtils.getLocalHostDetails(JMeterUtils.java:1095) [ApacheJMeter_core.jar:5.2]
	at org.apache.jmeter.util.JMeterUtils.getLocalHostFullName(JMeterUtils.java:1087) [ApacheJMeter_core.jar:5.2]
	at org.apache.jmeter.JMeter.start(JMeter.java:489) [ApacheJMeter_core.jar:5.2]
	at sun.reflect.NativeMethodAccessorImpl.invoke0(Native Method) ~[?:1.8.0_202]
	at sun.reflect.NativeMethodAccessorImpl.invoke(NativeMethodAccessorImpl.java:62) ~[?:1.8.0_202]
	at sun.reflect.DelegatingMethodAccessorImpl.invoke(DelegatingMethodAccessorImpl.java:43) ~[?:1.8.0_202]
	at java.lang.reflect.Method.invoke(Method.java:498) ~[?:1.8.0_202]
	at org.apache.jmeter.NewDriver.main(NewDriver.java:253) [ApacheJMeter.jar:5.2]
Caused by: java.net.UnknownHostException: oquinena: Name or service not known
	at java.net.Inet6AddressImpl.lookupAllHostAddr(Native Method) ~[?:1.8.0_202]
	at java.net.InetAddress$2.lookupAllHostAddr(InetAddress.java:929) ~[?:1.8.0_202]
	at java.net.InetAddress.getAddressesFromNameService(InetAddress.java:1324) ~[?:1.8.0_202]
	at java.net.InetAddress.getLocalHost(InetAddress.java:1501) ~[?:1.8.0_202]
	... 8 more
2019-11-11 12:06:11,454 INFO o.a.j.JMeter: IP: null Name: null FullName: null
2019-11-11 12:06:11,601 INFO o.a.j.g.a.LookAndFeelCommand: Installing Darcula LAF
2019-11-11 12:06:11,643 INFO o.a.j.g.a.LookAndFeelCommand: Using look and feel: com.bulenkov.darcula.DarculaLaf [Darcula]
2019-11-11 12:06:11,644 INFO o.a.j.JMeter: Setting LAF to: com.bulenkov.darcula.DarculaLaf
2019-11-11 12:06:11,691 INFO o.a.j.JMeter: Loaded icon properties from org/apache/jmeter/images/icon.properties
2019-11-11 12:06:13,297 INFO o.a.j.p.h.s.HTTPSamplerBase: Parser for text/html is org.apache.jmeter.protocol.http.parser.LagartoBasedHtmlParser
2019-11-11 12:06:13,297 INFO o.a.j.p.h.s.HTTPSamplerBase: Parser for application/xhtml+xml is org.apache.jmeter.protocol.http.parser.LagartoBasedHtmlParser
2019-11-11 12:06:13,298 INFO o.a.j.p.h.s.HTTPSamplerBase: Parser for application/xml is org.apache.jmeter.protocol.http.parser.LagartoBasedHtmlParser
2019-11-11 12:06:13,298 INFO o.a.j.p.h.s.HTTPSamplerBase: Parser for text/xml is org.apache.jmeter.protocol.http.parser.LagartoBasedHtmlParser
2019-11-11 12:06:13,298 INFO o.a.j.p.h.s.HTTPSamplerBase: Parser for text/vnd.wap.wml is org.apache.jmeter.protocol.http.parser.RegexpHTMLParser
2019-11-11 12:06:13,298 INFO o.a.j.p.h.s.HTTPSamplerBase: Parser for text/css is org.apache.jmeter.protocol.http.parser.CssParser
2019-11-11 12:06:13,541 INFO o.a.j.e.KeyToolUtils: keytool found at 'keytool'
2019-11-11 12:06:13,541 INFO o.a.j.p.h.p.ProxyControl: HTTP(S) Test Script Recorder SSL Proxy will use keys that support embedded 3rd party resources in file /home/nomad/Documents/dotfiles/bin/jmeter/apache-jmeter-5.2/bin/proxyserver.jks
2019-11-11 12:06:13,652 INFO o.a.j.s.FileServer: Default base='/home/nomad/Documents/dotfiles/bin/jmeter/apache-jmeter-5.2/bin'
2019-11-11 12:06:13,911 INFO o.a.j.s.SampleResult: Note: Sample TimeStamps are START times
2019-11-11 12:06:13,911 INFO o.a.j.s.SampleResult: sampleresult.default.encoding is set to ISO-8859-1
2019-11-11 12:06:13,911 INFO o.a.j.s.SampleResult: sampleresult.useNanoTime=true
2019-11-11 12:06:13,911 INFO o.a.j.s.SampleResult: sampleresult.nanoThreadSleep=5000
2019-11-11 12:06:19,175 INFO o.a.j.g.a.Load: Loading file: /home/nomad/Documents/dotfiles/bin/jmeter/apache-jmeter-5.2/bin/Generate Summary Results.jmx
2019-11-11 12:06:19,175 INFO o.a.j.s.FileServer: Set new base='/home/nomad/Documents/dotfiles/bin/jmeter/apache-jmeter-5.2/bin'
2019-11-11 12:06:19,275 INFO o.a.j.s.SaveService: Testplan (JMX) version: 2.2. Testlog (JTL) version: 2.2
2019-11-11 12:06:19,282 INFO o.a.j.s.SaveService: Using SaveService properties file encoding UTF-8
2019-11-11 12:06:19,283 INFO o.a.j.s.SaveService: Using SaveService properties version 5.0
2019-11-11 12:06:19,286 INFO o.a.j.s.SaveService: Loading file: /home/nomad/Documents/dotfiles/bin/jmeter/apache-jmeter-5.2/bin/Generate Summary Results.jmx
2019-11-11 12:06:19,302 INFO o.a.j.p.h.c.CookieManager: Settings: Delete null: true Check: true Allow variable: true Save: false Prefix: COOKIE_
2019-11-11 12:06:19,304 INFO o.a.j.p.h.c.CacheManager: Will only cache the following methods: [GET]
2019-11-11 12:06:19,413 INFO o.a.j.s.FileServer: Set new base='/home/nomad/Documents/dotfiles/bin/jmeter/apache-jmeter-5.2/bin'
2019-11-11 12:06:34,122 INFO o.a.j.e.StandardJMeterEngine: Running the test!
2019-11-11 12:06:34,277 ERROR o.a.j.u.JMeterUtils: Unable to get local host IP address.
java.net.UnknownHostException: oquinena: oquinena: Name or service not known
	at java.net.InetAddress.getLocalHost(InetAddress.java:1506) ~[?:1.8.0_202]
	at org.apache.jmeter.util.JMeterUtils.getLocalHostDetails(JMeterUtils.java:1095) [ApacheJMeter_core.jar:5.2]
	at org.apache.jmeter.util.JMeterUtils.getLocalHostName(JMeterUtils.java:1074) [ApacheJMeter_core.jar:5.2]
	at org.apache.jmeter.samplers.SampleEvent.<clinit>(SampleEvent.java:52) [ApacheJMeter_core.jar:5.2]
	at org.apache.jmeter.engine.StandardJMeterEngine.run(StandardJMeterEngine.java:357) [ApacheJMeter_core.jar:5.2]
	at java.lang.Thread.run(Thread.java:748) [?:1.8.0_202]
Caused by: java.net.UnknownHostException: oquinena: Name or service not known
	at java.net.Inet6AddressImpl.lookupAllHostAddr(Native Method) ~[?:1.8.0_202]
	at java.net.InetAddress$2.lookupAllHostAddr(InetAddress.java:929) ~[?:1.8.0_202]
	at java.net.InetAddress.getAddressesFromNameService(InetAddress.java:1324) ~[?:1.8.0_202]
	at java.net.InetAddress.getLocalHost(InetAddress.java:1501) ~[?:1.8.0_202]
	... 5 more
2019-11-11 12:06:34,278 INFO o.a.j.s.SampleEvent: List of sample_variables: []
2019-11-11 12:06:34,278 INFO o.a.j.s.SampleEvent: List of sample_variables: []
2019-11-11 12:06:34,279 INFO o.a.j.e.u.CompoundVariable: Note: Function class names must contain the string: '.functions.'
2019-11-11 12:06:34,279 INFO o.a.j.e.u.CompoundVariable: Note: Function class names must not contain the string: '.gui.'
2019-11-11 12:06:34,496 INFO o.a.j.g.u.JMeterMenuBar: setRunning(true, *local*)
2019-11-11 12:06:34,672 INFO o.a.j.e.StandardJMeterEngine: Starting ThreadGroup: 1 : Thread Group
2019-11-11 12:06:34,672 INFO o.a.j.e.StandardJMeterEngine: Starting 40 threads for group Thread Group.
2019-11-11 12:06:34,672 INFO o.a.j.e.StandardJMeterEngine: Thread will continue on error
2019-11-11 12:06:34,672 INFO o.a.j.t.ThreadGroup: Starting thread group... number=1 threads=40 ramp-up=1 delayedStart=false
2019-11-11 12:06:34,686 INFO o.a.j.t.JMeterThread: Thread started: Thread Group 1-1
2019-11-11 12:06:34,707 INFO o.a.j.t.JMeterThread: Thread started: Thread Group 1-2
2019-11-11 12:06:34,732 INFO o.a.j.t.JMeterThread: Thread started: Thread Group 1-3
2019-11-11 12:06:34,744 INFO o.a.j.t.ThreadGroup: Started thread group number 1
2019-11-11 12:06:34,744 INFO o.a.j.e.StandardJMeterEngine: All thread groups have been started
2019-11-11 12:06:34,750 INFO o.a.j.t.JMeterThread: Thread started: Thread Group 1-4
2019-11-11 12:06:34,778 INFO o.a.j.t.JMeterThread: Thread started: Thread Group 1-5
2019-11-11 12:06:34,820 INFO o.a.j.t.JMeterThread: Thread started: Thread Group 1-6
2019-11-11 12:06:34,838 ERROR o.a.j.u.JMeterUtils: Unable to get local host IP address.
java.net.UnknownHostException: oquinena: oquinena: Name or service not known
	at java.net.InetAddress.getLocalHost(InetAddress.java:1506) ~[?:1.8.0_202]
	at org.apache.jmeter.util.JMeterUtils.getLocalHostDetails(JMeterUtils.java:1095) [ApacheJMeter_core.jar:5.2]
	at org.apache.jmeter.util.JMeterUtils.getLocalHostName(JMeterUtils.java:1074) [ApacheJMeter_core.jar:5.2]
	at org.apache.jmeter.protocol.http.sampler.HTTPHCAbstractImpl.<clinit>(HTTPHCAbstractImpl.java:138) [ApacheJMeter_http.jar:5.2]
	at org.apache.jmeter.protocol.http.sampler.HTTPSamplerFactory.getImplementation(HTTPSamplerFactory.java:97) [ApacheJMeter_http.jar:5.2]
	at org.apache.jmeter.protocol.http.sampler.HTTPSamplerProxy.sample(HTTPSamplerProxy.java:62) [ApacheJMeter_http.jar:5.2]
	at org.apache.jmeter.protocol.http.sampler.HTTPSamplerBase.sample(HTTPSamplerBase.java:1282) [ApacheJMeter_http.jar:5.2]
	at org.apache.jmeter.protocol.http.sampler.HTTPSamplerBase.sample(HTTPSamplerBase.java:1271) [ApacheJMeter_http.jar:5.2]
	at org.apache.jmeter.threads.JMeterThread.doSampling(JMeterThread.java:627) [ApacheJMeter_core.jar:5.2]
	at org.apache.jmeter.threads.JMeterThread.executeSamplePackage(JMeterThread.java:551) [ApacheJMeter_core.jar:5.2]
	at org.apache.jmeter.threads.JMeterThread.processSampler(JMeterThread.java:490) [ApacheJMeter_core.jar:5.2]
	at org.apache.jmeter.threads.JMeterThread.run(JMeterThread.java:257) [ApacheJMeter_core.jar:5.2]
	at java.lang.Thread.run(Thread.java:748) [?:1.8.0_202]
Caused by: java.net.UnknownHostException: oquinena: Name or service not known
	at java.net.Inet6AddressImpl.lookupAllHostAddr(Native Method) ~[?:1.8.0_202]
	at java.net.InetAddress$2.lookupAllHostAddr(InetAddress.java:929) ~[?:1.8.0_202]
	at java.net.InetAddress.getAddressesFromNameService(InetAddress.java:1324) ~[?:1.8.0_202]
	at java.net.InetAddress.getLocalHost(InetAddress.java:1501) ~[?:1.8.0_202]
	... 12 more
2019-11-11 12:06:34,838 INFO o.a.j.p.h.s.HTTPHCAbstractImpl: Local host = null
2019-11-11 12:06:34,843 INFO o.a.j.t.JMeterThread: Thread started: Thread Group 1-7
2019-11-11 12:06:34,846 INFO o.a.j.p.h.s.HTTPHC4Impl: HTTP request retry count = 0
2019-11-11 12:06:34,867 INFO o.a.j.t.JMeterThread: Thread started: Thread Group 1-8
2019-11-11 12:06:34,890 INFO o.a.j.t.JMeterThread: Thread started: Thread Group 1-9
2019-11-11 12:06:34,911 INFO o.a.j.p.h.s.h.LazyLayeredConnectionSocketFactory: Setting up HTTPS TrustAll Socket Factory
2019-11-11 12:06:34,911 INFO o.a.j.t.JMeterThread: Thread started: Thread Group 1-10
2019-11-11 12:06:34,915 INFO o.a.j.u.JsseSSLManager: Using default SSL protocol: TLS
2019-11-11 12:06:34,915 INFO o.a.j.u.JsseSSLManager: SSL session context: per-thread
2019-11-11 12:06:34,932 INFO o.a.j.t.JMeterThread: Thread started: Thread Group 1-11
2019-11-11 12:06:34,953 INFO o.a.j.t.JMeterThread: Thread started: Thread Group 1-12
2019-11-11 12:06:34,983 INFO o.a.j.t.JMeterThread: Thread started: Thread Group 1-13
2019-11-11 12:06:35,002 INFO o.a.j.t.JMeterThread: Thread started: Thread Group 1-14
2019-11-11 12:06:35,027 INFO o.a.j.t.JMeterThread: Thread started: Thread Group 1-15
2019-11-11 12:06:35,051 INFO o.a.j.u.SSLManager: JmeterKeyStore Location:  type JKS
2019-11-11 12:06:35,051 INFO o.a.j.u.SSLManager: KeyStore created OK
2019-11-11 12:06:35,051 WARN o.a.j.u.SSLManager: Keystore file not found, loading empty keystore
2019-11-11 12:06:35,057 INFO o.a.j.t.JMeterThread: Thread started: Thread Group 1-16
2019-11-11 12:06:35,074 INFO o.a.j.t.JMeterThread: Thread started: Thread Group 1-17
2019-11-11 12:06:35,098 INFO o.a.j.t.JMeterThread: Thread started: Thread Group 1-18
2019-11-11 12:06:35,123 INFO o.a.j.t.JMeterThread: Thread started: Thread Group 1-19
2019-11-11 12:06:35,147 INFO o.a.j.t.JMeterThread: Thread started: Thread Group 1-20
2019-11-11 12:06:35,172 INFO o.a.j.t.JMeterThread: Thread started: Thread Group 1-21
2019-11-11 12:06:35,178 INFO o.a.j.r.Summariser: Generate Summary Results +      1 in 00:00:01 =    1.5/s Avg:   283 Min:   283 Max:   283 Err:     1 (100.00%) Active: 21 Started: 21 Finished: 0
2019-11-11 12:06:35,198 INFO o.a.j.t.JMeterThread: Thread started: Thread Group 1-22
2019-11-11 12:06:35,223 INFO o.a.j.t.JMeterThread: Thread started: Thread Group 1-23
2019-11-11 12:06:35,248 INFO o.a.j.t.JMeterThread: Thread started: Thread Group 1-24
2019-11-11 12:06:35,274 INFO o.a.j.t.JMeterThread: Thread started: Thread Group 1-25
2019-11-11 12:06:35,297 INFO o.a.j.t.JMeterThread: Thread started: Thread Group 1-26
2019-11-11 12:06:35,323 INFO o.a.j.t.JMeterThread: Thread started: Thread Group 1-27
2019-11-11 12:06:35,348 INFO o.a.j.t.JMeterThread: Thread started: Thread Group 1-28
2019-11-11 12:06:35,373 INFO o.a.j.t.JMeterThread: Thread started: Thread Group 1-29
2019-11-11 12:06:35,397 INFO o.a.j.t.JMeterThread: Thread started: Thread Group 1-30
2019-11-11 12:06:35,422 INFO o.a.j.t.JMeterThread: Thread started: Thread Group 1-31
2019-11-11 12:06:35,447 INFO o.a.j.t.JMeterThread: Thread started: Thread Group 1-32
2019-11-11 12:06:35,474 INFO o.a.j.t.JMeterThread: Thread started: Thread Group 1-33
2019-11-11 12:06:35,498 INFO o.a.j.t.JMeterThread: Thread started: Thread Group 1-34
2019-11-11 12:06:35,523 INFO o.a.j.t.JMeterThread: Thread started: Thread Group 1-35
2019-11-11 12:06:35,550 INFO o.a.j.t.JMeterThread: Thread started: Thread Group 1-36
2019-11-11 12:06:35,575 INFO o.a.j.t.JMeterThread: Thread started: Thread Group 1-37
2019-11-11 12:06:35,597 INFO o.a.j.t.JMeterThread: Thread started: Thread Group 1-38
2019-11-11 12:06:35,622 INFO o.a.j.t.JMeterThread: Thread started: Thread Group 1-39
2019-11-11 12:06:35,651 INFO o.a.j.t.JMeterThread: Thread started: Thread Group 1-40
2019-11-11 12:06:36,774 INFO o.a.j.g.a.Start: Shutting test down
2019-11-11 12:06:36,778 INFO o.a.j.t.JMeterThread: Stopping: Thread Group 1-26
2019-11-11 12:06:36,778 INFO o.a.j.t.JMeterThread: Stopping: Thread Group 1-32
2019-11-11 12:06:36,778 INFO o.a.j.t.JMeterThread: Stopping: Thread Group 1-19
2019-11-11 12:06:36,778 INFO o.a.j.t.JMeterThread: Stopping: Thread Group 1-21
2019-11-11 12:06:36,778 INFO o.a.j.t.JMeterThread: Stopping: Thread Group 1-20
2019-11-11 12:06:36,779 INFO o.a.j.t.JMeterThread: Stopping: Thread Group 1-40
2019-11-11 12:06:36,779 INFO o.a.j.t.JMeterThread: Stopping: Thread Group 1-36
2019-11-11 12:06:36,779 INFO o.a.j.t.JMeterThread: Stopping: Thread Group 1-10
2019-11-11 12:06:36,779 INFO o.a.j.t.JMeterThread: Stopping: Thread Group 1-30
2019-11-11 12:06:36,779 INFO o.a.j.t.JMeterThread: Stopping: Thread Group 1-35
2019-11-11 12:06:36,779 INFO o.a.j.t.JMeterThread: Stopping: Thread Group 1-38
2019-11-11 12:06:36,779 INFO o.a.j.t.JMeterThread: Stopping: Thread Group 1-6
2019-11-11 12:06:36,779 INFO o.a.j.t.JMeterThread: Stopping: Thread Group 1-4
2019-11-11 12:06:36,779 INFO o.a.j.t.JMeterThread: Stopping: Thread Group 1-3
2019-11-11 12:06:36,779 INFO o.a.j.t.JMeterThread: Stopping: Thread Group 1-15
2019-11-11 12:06:36,779 INFO o.a.j.t.JMeterThread: Stopping: Thread Group 1-16
2019-11-11 12:06:36,779 INFO o.a.j.t.JMeterThread: Stopping: Thread Group 1-14
2019-11-11 12:06:36,779 INFO o.a.j.t.JMeterThread: Stopping: Thread Group 1-27
2019-11-11 12:06:36,779 INFO o.a.j.t.JMeterThread: Stopping: Thread Group 1-31
2019-11-11 12:06:36,779 INFO o.a.j.t.JMeterThread: Stopping: Thread Group 1-33
2019-11-11 12:06:36,779 INFO o.a.j.t.JMeterThread: Stopping: Thread Group 1-11
2019-11-11 12:06:36,779 INFO o.a.j.t.JMeterThread: Stopping: Thread Group 1-29
2019-11-11 12:06:36,779 INFO o.a.j.t.JMeterThread: Stopping: Thread Group 1-37
2019-11-11 12:06:36,780 INFO o.a.j.t.JMeterThread: Stopping: Thread Group 1-23
2019-11-11 12:06:36,780 INFO o.a.j.t.JMeterThread: Stopping: Thread Group 1-18
2019-11-11 12:06:36,780 INFO o.a.j.t.JMeterThread: Stopping: Thread Group 1-9
2019-11-11 12:06:36,780 INFO o.a.j.t.JMeterThread: Stopping: Thread Group 1-13
2019-11-11 12:06:36,780 INFO o.a.j.t.JMeterThread: Stopping: Thread Group 1-39
2019-11-11 12:06:36,780 INFO o.a.j.t.JMeterThread: Stopping: Thread Group 1-8
2019-11-11 12:06:36,780 INFO o.a.j.t.JMeterThread: Stopping: Thread Group 1-7
2019-11-11 12:06:36,780 INFO o.a.j.t.JMeterThread: Stopping: Thread Group 1-25
2019-11-11 12:06:36,780 INFO o.a.j.t.JMeterThread: Stopping: Thread Group 1-34
2019-11-11 12:06:36,780 INFO o.a.j.t.JMeterThread: Stopping: Thread Group 1-2
2019-11-11 12:06:36,780 INFO o.a.j.t.JMeterThread: Stopping: Thread Group 1-12
2019-11-11 12:06:36,780 INFO o.a.j.t.JMeterThread: Stopping: Thread Group 1-24
2019-11-11 12:06:36,780 INFO o.a.j.t.JMeterThread: Stopping: Thread Group 1-22
2019-11-11 12:06:36,780 INFO o.a.j.t.JMeterThread: Stopping: Thread Group 1-1
2019-11-11 12:06:36,780 INFO o.a.j.t.JMeterThread: Stopping: Thread Group 1-28
2019-11-11 12:06:36,780 INFO o.a.j.t.JMeterThread: Stopping: Thread Group 1-5
2019-11-11 12:06:36,780 INFO o.a.j.t.JMeterThread: Stopping: Thread Group 1-17
2019-11-11 12:06:36,781 INFO o.a.j.t.JMeterThread: Thread finished: Thread Group 1-31
2019-11-11 12:06:36,784 INFO o.a.j.t.JMeterThread: Thread finished: Thread Group 1-14
2019-11-11 12:06:36,785 INFO o.a.j.t.JMeterThread: Thread finished: Thread Group 1-15
2019-11-11 12:06:36,811 INFO o.a.j.t.JMeterThread: Thread finished: Thread Group 1-40
2019-11-11 12:06:36,816 INFO o.a.j.t.JMeterThread: Thread finished: Thread Group 1-39
2019-11-11 12:06:36,821 INFO o.a.j.t.JMeterThread: Thread finished: Thread Group 1-6
2019-11-11 12:06:36,831 INFO o.a.j.t.JMeterThread: Thread finished: Thread Group 1-26
2019-11-11 12:06:36,834 INFO o.a.j.t.JMeterThread: Thread finished: Thread Group 1-33
2019-11-11 12:06:36,834 INFO o.a.j.t.JMeterThread: Thread finished: Thread Group 1-35
2019-11-11 12:06:36,834 INFO o.a.j.t.JMeterThread: Thread finished: Thread Group 1-7
2019-11-11 12:06:36,837 INFO o.a.j.t.JMeterThread: Thread finished: Thread Group 1-29
2019-11-11 12:06:36,845 INFO o.a.j.t.JMeterThread: Thread finished: Thread Group 1-11
2019-11-11 12:06:36,871 INFO o.a.j.t.JMeterThread: Thread finished: Thread Group 1-28
2019-11-11 12:06:36,894 INFO o.a.j.t.JMeterThread: Thread finished: Thread Group 1-9
2019-11-11 12:06:36,915 INFO o.a.j.t.JMeterThread: Thread finished: Thread Group 1-24
2019-11-11 12:06:36,936 INFO o.a.j.t.JMeterThread: Thread finished: Thread Group 1-19
2019-11-11 12:06:36,936 INFO o.a.j.t.JMeterThread: Thread finished: Thread Group 1-12
2019-11-11 12:06:36,957 INFO o.a.j.t.JMeterThread: Thread finished: Thread Group 1-8
2019-11-11 12:06:36,965 INFO o.a.j.t.JMeterThread: Thread finished: Thread Group 1-5
2019-11-11 12:06:36,971 INFO o.a.j.t.JMeterThread: Thread finished: Thread Group 1-3
2019-11-11 12:06:37,004 INFO o.a.j.t.JMeterThread: Thread finished: Thread Group 1-22
2019-11-11 12:06:37,019 INFO o.a.j.t.JMeterThread: Thread finished: Thread Group 1-21
2019-11-11 12:06:37,031 INFO o.a.j.t.JMeterThread: Thread finished: Thread Group 1-25
2019-11-11 12:06:37,045 INFO o.a.j.t.JMeterThread: Thread finished: Thread Group 1-17
2019-11-11 12:06:37,073 INFO o.a.j.t.JMeterThread: Thread finished: Thread Group 1-37
2019-11-11 12:06:37,107 INFO o.a.j.t.JMeterThread: Thread finished: Thread Group 1-4
2019-11-11 12:06:37,112 INFO o.a.j.t.JMeterThread: Thread finished: Thread Group 1-34
2019-11-11 12:06:37,160 INFO o.a.j.t.JMeterThread: Thread finished: Thread Group 1-13
2019-11-11 12:06:37,162 INFO o.a.j.t.JMeterThread: Thread finished: Thread Group 1-16
2019-11-11 12:06:37,167 INFO o.a.j.t.JMeterThread: Thread finished: Thread Group 1-36
2019-11-11 12:06:37,192 INFO o.a.j.t.JMeterThread: Thread finished: Thread Group 1-30
2019-11-11 12:06:37,210 INFO o.a.j.t.JMeterThread: Thread finished: Thread Group 1-1
2019-11-11 12:06:37,214 INFO o.a.j.t.JMeterThread: Thread finished: Thread Group 1-38
2019-11-11 12:06:37,244 INFO o.a.j.t.JMeterThread: Thread finished: Thread Group 1-32
2019-11-11 12:06:37,286 INFO o.a.j.t.JMeterThread: Thread finished: Thread Group 1-20
2019-11-11 12:06:37,288 INFO o.a.j.t.JMeterThread: Thread finished: Thread Group 1-18
2019-11-11 12:06:37,366 INFO o.a.j.t.JMeterThread: Thread finished: Thread Group 1-2
2019-11-11 12:06:37,509 INFO o.a.j.t.JMeterThread: Thread finished: Thread Group 1-27
2019-11-11 12:06:37,774 INFO o.a.j.t.JMeterThread: Thread finished: Thread Group 1-23
2019-11-11 12:06:37,812 INFO o.a.j.t.JMeterThread: Thread finished: Thread Group 1-10
2019-11-11 12:06:37,812 INFO o.a.j.e.StandardJMeterEngine: Notifying test listeners of end of test
2019-11-11 12:06:37,812 INFO o.a.j.r.Summariser: Generate Summary Results +    134 in 00:00:03 =   50.9/s Avg:    35 Min:    14 Max:   283 Err:   134 (100.00%) Active: 0 Started: 40 Finished: 40
2019-11-11 12:06:37,813 INFO o.a.j.r.Summariser: Generate Summary Results =    135 in 00:00:03 =   40.7/s Avg:    37 Min:    14 Max:   283 Err:   135 (100.00%)
2019-11-11 12:06:37,813 INFO o.a.j.g.u.JMeterMenuBar: setRunning(false, *local*)
2019-11-11 12:07:11,434 INFO o.a.j.e.StandardJMeterEngine: Running the test!
2019-11-11 12:07:11,434 INFO o.a.j.s.SampleEvent: List of sample_variables: []
2019-11-11 12:07:11,435 INFO o.a.j.g.u.JMeterMenuBar: setRunning(true, *local*)
2019-11-11 12:07:11,455 INFO o.a.j.e.StandardJMeterEngine: Starting ThreadGroup: 1 : Thread Group
2019-11-11 12:07:11,455 INFO o.a.j.e.StandardJMeterEngine: Starting 40 threads for group Thread Group.
2019-11-11 12:07:11,455 INFO o.a.j.e.StandardJMeterEngine: Thread will continue on error
2019-11-11 12:07:11,455 INFO o.a.j.t.ThreadGroup: Starting thread group... number=1 threads=40 ramp-up=1 delayedStart=false
2019-11-11 12:07:11,456 INFO o.a.j.t.JMeterThread: Thread started: Thread Group 1-1
2019-11-11 12:07:11,470 INFO o.a.j.t.ThreadGroup: Started thread group number 1
2019-11-11 12:07:11,470 INFO o.a.j.e.StandardJMeterEngine: All thread groups have been started
2019-11-11 12:07:11,481 INFO o.a.j.t.JMeterThread: Thread started: Thread Group 1-2
2019-11-11 12:07:11,506 INFO o.a.j.t.JMeterThread: Thread started: Thread Group 1-3
2019-11-11 12:07:11,530 INFO o.a.j.t.JMeterThread: Thread started: Thread Group 1-4
2019-11-11 12:07:11,555 INFO o.a.j.t.JMeterThread: Thread started: Thread Group 1-5
2019-11-11 12:07:11,580 INFO o.a.j.t.JMeterThread: Thread started: Thread Group 1-6
2019-11-11 12:07:11,605 INFO o.a.j.t.JMeterThread: Thread started: Thread Group 1-7
2019-11-11 12:07:11,631 INFO o.a.j.t.JMeterThread: Thread started: Thread Group 1-8
2019-11-11 12:07:11,656 INFO o.a.j.t.JMeterThread: Thread started: Thread Group 1-9
2019-11-11 12:07:11,680 INFO o.a.j.t.JMeterThread: Thread started: Thread Group 1-10
2019-11-11 12:07:11,705 INFO o.a.j.t.JMeterThread: Thread started: Thread Group 1-11
2019-11-11 12:07:11,730 INFO o.a.j.t.JMeterThread: Thread started: Thread Group 1-12
2019-11-11 12:07:11,756 INFO o.a.j.t.JMeterThread: Thread started: Thread Group 1-13
2019-11-11 12:07:11,781 INFO o.a.j.t.JMeterThread: Thread started: Thread Group 1-14
2019-11-11 12:07:11,808 INFO o.a.j.t.JMeterThread: Thread started: Thread Group 1-15
2019-11-11 12:07:11,832 INFO o.a.j.t.JMeterThread: Thread started: Thread Group 1-16
2019-11-11 12:07:11,856 INFO o.a.j.t.JMeterThread: Thread started: Thread Group 1-17
2019-11-11 12:07:11,883 INFO o.a.j.t.JMeterThread: Thread started: Thread Group 1-18
2019-11-11 12:07:11,907 INFO o.a.j.t.JMeterThread: Thread started: Thread Group 1-19
2019-11-11 12:07:11,930 INFO o.a.j.t.JMeterThread: Thread started: Thread Group 1-20
2019-11-11 12:07:11,955 INFO o.a.j.t.JMeterThread: Thread started: Thread Group 1-21
2019-11-11 12:07:11,980 INFO o.a.j.t.JMeterThread: Thread started: Thread Group 1-22
2019-11-11 12:07:12,006 INFO o.a.j.t.JMeterThread: Thread started: Thread Group 1-23
2019-11-11 12:07:12,031 INFO o.a.j.t.JMeterThread: Thread started: Thread Group 1-24
2019-11-11 12:07:12,056 INFO o.a.j.t.JMeterThread: Thread started: Thread Group 1-25
2019-11-11 12:07:12,080 INFO o.a.j.t.JMeterThread: Thread started: Thread Group 1-26
2019-11-11 12:07:12,105 INFO o.a.j.t.JMeterThread: Thread started: Thread Group 1-27
2019-11-11 12:07:12,130 INFO o.a.j.t.JMeterThread: Thread started: Thread Group 1-28
2019-11-11 12:07:12,156 INFO o.a.j.t.JMeterThread: Thread started: Thread Group 1-29
2019-11-11 12:07:12,181 INFO o.a.j.t.JMeterThread: Thread started: Thread Group 1-30
2019-11-11 12:07:12,205 INFO o.a.j.t.JMeterThread: Thread started: Thread Group 1-31
2019-11-11 12:07:12,230 INFO o.a.j.t.JMeterThread: Thread started: Thread Group 1-32
2019-11-11 12:07:12,255 INFO o.a.j.t.JMeterThread: Thread started: Thread Group 1-33
2019-11-11 12:07:12,280 INFO o.a.j.t.JMeterThread: Thread started: Thread Group 1-34
2019-11-11 12:07:12,306 INFO o.a.j.t.JMeterThread: Thread started: Thread Group 1-35
2019-11-11 12:07:12,330 INFO o.a.j.t.JMeterThread: Thread started: Thread Group 1-36
2019-11-11 12:07:12,356 INFO o.a.j.t.JMeterThread: Thread started: Thread Group 1-37
2019-11-11 12:07:12,381 INFO o.a.j.t.JMeterThread: Thread started: Thread Group 1-38
2019-11-11 12:07:12,406 INFO o.a.j.t.JMeterThread: Thread started: Thread Group 1-39
2019-11-11 12:07:12,430 INFO o.a.j.t.JMeterThread: Thread started: Thread Group 1-40
2019-11-11 12:07:20,314 INFO o.a.j.g.a.Start: Stopping test
2019-11-11 12:07:20,317 INFO o.a.j.t.JMeterThread: Stopping: Thread Group 1-12
2019-11-11 12:07:20,317 WARN o.a.j.t.JMeterThread: The delay timer was interrupted - probably did not wait as long as intended.
2019-11-11 12:07:20,317 INFO o.a.j.t.JMeterThread: Thread finished: Thread Group 1-12
2019-11-11 12:07:20,318 INFO o.a.j.t.JMeterThread: Stopping: Thread Group 1-1
2019-11-11 12:07:20,318 INFO o.a.j.t.JMeterThread: Stopping: Thread Group 1-21
2019-11-11 12:07:20,318 INFO o.a.j.t.JMeterThread: Stopping: Thread Group 1-33
2019-11-11 12:07:20,318 INFO o.a.j.t.JMeterThread: Stopping: Thread Group 1-5
2019-11-11 12:07:20,318 INFO o.a.j.t.JMeterThread: Stopping: Thread Group 1-26
2019-11-11 12:07:20,318 INFO o.a.j.t.JMeterThread: Stopping: Thread Group 1-40
2019-11-11 12:07:20,318 WARN o.a.j.t.JMeterThread: The delay timer was interrupted - probably did not wait as long as intended.
2019-11-11 12:07:20,318 INFO o.a.j.t.JMeterThread: Stopping: Thread Group 1-4
2019-11-11 12:07:20,318 WARN o.a.j.t.JMeterThread: The delay timer was interrupted - probably did not wait as long as intended.
2019-11-11 12:07:20,318 INFO o.a.j.t.JMeterThread: Stopping: Thread Group 1-3
2019-11-11 12:07:20,318 WARN o.a.j.t.JMeterThread: The delay timer was interrupted - probably did not wait as long as intended.
2019-11-11 12:07:20,318 INFO o.a.j.t.JMeterThread: Thread finished: Thread Group 1-21
2019-11-11 12:07:20,318 INFO o.a.j.t.JMeterThread: Thread finished: Thread Group 1-26
2019-11-11 12:07:20,318 WARN o.a.j.t.JMeterThread: The delay timer was interrupted - probably did not wait as long as intended.
2019-11-11 12:07:20,318 INFO o.a.j.t.JMeterThread: Thread finished: Thread Group 1-33
2019-11-11 12:07:20,318 INFO o.a.j.t.JMeterThread: Thread finished: Thread Group 1-3
2019-11-11 12:07:20,318 WARN o.a.j.t.JMeterThread: The delay timer was interrupted - probably did not wait as long as intended.
2019-11-11 12:07:20,318 WARN o.a.j.t.JMeterThread: The delay timer was interrupted - probably did not wait as long as intended.
2019-11-11 12:07:20,318 INFO o.a.j.t.JMeterThread: Thread finished: Thread Group 1-5
2019-11-11 12:07:20,318 INFO o.a.j.t.JMeterThread: Stopping: Thread Group 1-38
2019-11-11 12:07:20,318 INFO o.a.j.t.JMeterThread: Thread finished: Thread Group 1-4
2019-11-11 12:07:20,319 WARN o.a.j.t.JMeterThread: The delay timer was interrupted - probably did not wait as long as intended.
2019-11-11 12:07:20,319 INFO o.a.j.t.JMeterThread: Thread finished: Thread Group 1-40
2019-11-11 12:07:20,323 WARN o.a.j.t.JMeterThread: The delay timer was interrupted - probably did not wait as long as intended.
2019-11-11 12:07:20,323 INFO o.a.j.t.JMeterThread: Thread finished: Thread Group 1-38
2019-11-11 12:07:20,323 INFO o.a.j.t.JMeterThread: Stopping: Thread Group 1-10
2019-11-11 12:07:20,323 WARN o.a.j.t.JMeterThread: The delay timer was interrupted - probably did not wait as long as intended.
2019-11-11 12:07:20,323 INFO o.a.j.t.JMeterThread: Thread finished: Thread Group 1-10
2019-11-11 12:07:20,324 INFO o.a.j.t.JMeterThread: Stopping: Thread Group 1-35
2019-11-11 12:07:20,324 INFO o.a.j.t.JMeterThread: Stopping: Thread Group 1-8
2019-11-11 12:07:20,324 WARN o.a.j.t.JMeterThread: The delay timer was interrupted - probably did not wait as long as intended.
2019-11-11 12:07:20,324 WARN o.a.j.t.JMeterThread: The delay timer was interrupted - probably did not wait as long as intended.
2019-11-11 12:07:20,324 INFO o.a.j.t.JMeterThread: Thread finished: Thread Group 1-35
2019-11-11 12:07:20,324 INFO o.a.j.t.JMeterThread: Thread finished: Thread Group 1-8
2019-11-11 12:07:20,324 WARN o.a.j.t.JMeterThread: The delay timer was interrupted - probably did not wait as long as intended.
2019-11-11 12:07:20,324 INFO o.a.j.t.JMeterThread: Stopping: Thread Group 1-6
2019-11-11 12:07:20,324 INFO o.a.j.t.JMeterThread: Thread finished: Thread Group 1-1
2019-11-11 12:07:20,324 INFO o.a.j.t.JMeterThread: Stopping: Thread Group 1-13
2019-11-11 12:07:20,324 WARN o.a.j.t.JMeterThread: The delay timer was interrupted - probably did not wait as long as intended.
2019-11-11 12:07:20,324 INFO o.a.j.t.JMeterThread: Stopping: Thread Group 1-36
2019-11-11 12:07:20,324 WARN o.a.j.t.JMeterThread: The delay timer was interrupted - probably did not wait as long as intended.
2019-11-11 12:07:20,324 INFO o.a.j.t.JMeterThread: Thread finished: Thread Group 1-6
2019-11-11 12:07:20,324 WARN o.a.j.t.JMeterThread: The delay timer was interrupted - probably did not wait as long as intended.
2019-11-11 12:07:20,324 INFO o.a.j.t.JMeterThread: Thread finished: Thread Group 1-13
2019-11-11 12:07:20,324 INFO o.a.j.t.JMeterThread: Thread finished: Thread Group 1-36
2019-11-11 12:07:20,324 INFO o.a.j.t.JMeterThread: Stopping: Thread Group 1-11
2019-11-11 12:07:20,324 INFO o.a.j.t.JMeterThread: Stopping: Thread Group 1-18
2019-11-11 12:07:20,324 WARN o.a.j.t.JMeterThread: The delay timer was interrupted - probably did not wait as long as intended.
2019-11-11 12:07:20,325 INFO o.a.j.t.JMeterThread: Stopping: Thread Group 1-22
2019-11-11 12:07:20,325 INFO o.a.j.t.JMeterThread: Thread finished: Thread Group 1-11
2019-11-11 12:07:20,325 WARN o.a.j.t.JMeterThread: The delay timer was interrupted - probably did not wait as long as intended.
2019-11-11 12:07:20,325 WARN o.a.j.t.JMeterThread: The delay timer was interrupted - probably did not wait as long as intended.
2019-11-11 12:07:20,325 INFO o.a.j.t.JMeterThread: Thread finished: Thread Group 1-22
2019-11-11 12:07:20,325 INFO o.a.j.t.JMeterThread: Thread finished: Thread Group 1-18
2019-11-11 12:07:20,325 INFO o.a.j.t.JMeterThread: Stopping: Thread Group 1-7
2019-11-11 12:07:20,325 WARN o.a.j.t.JMeterThread: The delay timer was interrupted - probably did not wait as long as intended.
2019-11-11 12:07:20,325 INFO o.a.j.t.JMeterThread: Thread finished: Thread Group 1-7
2019-11-11 12:07:20,325 INFO o.a.j.t.JMeterThread: Stopping: Thread Group 1-23
2019-11-11 12:07:20,325 WARN o.a.j.t.JMeterThread: The delay timer was interrupted - probably did not wait as long as intended.
2019-11-11 12:07:20,325 INFO o.a.j.t.JMeterThread: Thread finished: Thread Group 1-23
2019-11-11 12:07:20,326 INFO o.a.j.t.JMeterThread: Stopping: Thread Group 1-32
2019-11-11 12:07:20,326 INFO o.a.j.t.JMeterThread: Stopping: Thread Group 1-27
2019-11-11 12:07:20,326 WARN o.a.j.t.JMeterThread: The delay timer was interrupted - probably did not wait as long as intended.
2019-11-11 12:07:20,326 WARN o.a.j.t.JMeterThread: The delay timer was interrupted - probably did not wait as long as intended.
2019-11-11 12:07:20,326 INFO o.a.j.t.JMeterThread: Thread finished: Thread Group 1-32
2019-11-11 12:07:20,326 INFO o.a.j.t.JMeterThread: Thread finished: Thread Group 1-27
2019-11-11 12:07:20,326 INFO o.a.j.t.JMeterThread: Stopping: Thread Group 1-39
2019-11-11 12:07:20,326 WARN o.a.j.t.JMeterThread: Interrupting: Thread Group 1-39 sampler: HTTP Request
2019-11-11 12:07:20,327 INFO o.a.j.t.JMeterThread: Stopping: Thread Group 1-37
2019-11-11 12:07:20,327 INFO o.a.j.t.JMeterThread: Stopping: Thread Group 1-31
2019-11-11 12:07:20,327 WARN o.a.j.t.JMeterThread: The delay timer was interrupted - probably did not wait as long as intended.
2019-11-11 12:07:20,327 WARN o.a.j.t.JMeterThread: The delay timer was interrupted - probably did not wait as long as intended.
2019-11-11 12:07:20,327 INFO o.a.j.t.JMeterThread: Thread finished: Thread Group 1-37
2019-11-11 12:07:20,327 INFO o.a.j.t.JMeterThread: Thread finished: Thread Group 1-31
2019-11-11 12:07:20,327 INFO o.a.j.t.JMeterThread: Stopping: Thread Group 1-14
2019-11-11 12:07:20,327 WARN o.a.j.t.JMeterThread: The delay timer was interrupted - probably did not wait as long as intended.
2019-11-11 12:07:20,327 INFO o.a.j.t.JMeterThread: Thread finished: Thread Group 1-14
2019-11-11 12:07:20,327 INFO o.a.j.t.JMeterThread: Stopping: Thread Group 1-28
2019-11-11 12:07:20,328 INFO o.a.j.t.JMeterThread: Stopping: Thread Group 1-2
2019-11-11 12:07:20,328 WARN o.a.j.t.JMeterThread: The delay timer was interrupted - probably did not wait as long as intended.
2019-11-11 12:07:20,328 INFO o.a.j.t.JMeterThread: Thread finished: Thread Group 1-2
2019-11-11 12:07:20,328 WARN o.a.j.t.JMeterThread: The delay timer was interrupted - probably did not wait as long as intended.
2019-11-11 12:07:20,328 INFO o.a.j.t.JMeterThread: Stopping: Thread Group 1-9
2019-11-11 12:07:20,328 INFO o.a.j.t.JMeterThread: Thread finished: Thread Group 1-28
2019-11-11 12:07:20,329 INFO o.a.j.t.JMeterThread: Thread finished: Thread Group 1-39
2019-11-11 12:07:20,334 INFO o.a.j.t.JMeterThread: Stopping: Thread Group 1-17
2019-11-11 12:07:20,334 WARN o.a.j.t.JMeterThread: The delay timer was interrupted - probably did not wait as long as intended.
2019-11-11 12:07:20,334 INFO o.a.j.t.JMeterThread: Stopping: Thread Group 1-19
2019-11-11 12:07:20,334 INFO o.a.j.t.JMeterThread: Stopping: Thread Group 1-20
2019-11-11 12:07:20,334 INFO o.a.j.t.JMeterThread: Thread finished: Thread Group 1-9
2019-11-11 12:07:20,334 INFO o.a.j.t.JMeterThread: Stopping: Thread Group 1-15
2019-11-11 12:07:20,334 WARN o.a.j.t.JMeterThread: The delay timer was interrupted - probably did not wait as long as intended.
2019-11-11 12:07:20,334 INFO o.a.j.t.JMeterThread: Stopping: Thread Group 1-16
2019-11-11 12:07:20,334 INFO o.a.j.t.JMeterThread: Thread finished: Thread Group 1-20
2019-11-11 12:07:20,334 INFO o.a.j.t.JMeterThread: Stopping: Thread Group 1-34
2019-11-11 12:07:20,334 INFO o.a.j.t.JMeterThread: Stopping: Thread Group 1-30
2019-11-11 12:07:20,334 WARN o.a.j.t.JMeterThread: The delay timer was interrupted - probably did not wait as long as intended.
2019-11-11 12:07:20,334 WARN o.a.j.t.JMeterThread: The delay timer was interrupted - probably did not wait as long as intended.
2019-11-11 12:07:20,334 WARN o.a.j.t.JMeterThread: The delay timer was interrupted - probably did not wait as long as intended.
2019-11-11 12:07:20,334 INFO o.a.j.t.JMeterThread: Thread finished: Thread Group 1-15
2019-11-11 12:07:20,334 INFO o.a.j.t.JMeterThread: Stopping: Thread Group 1-24
2019-11-11 12:07:20,334 INFO o.a.j.t.JMeterThread: Stopping: Thread Group 1-25
2019-11-11 12:07:20,334 WARN o.a.j.t.JMeterThread: The delay timer was interrupted - probably did not wait as long as intended.
2019-11-11 12:07:20,334 INFO o.a.j.t.JMeterThread: Stopping: Thread Group 1-29
2019-11-11 12:07:20,334 WARN o.a.j.t.JMeterThread: The delay timer was interrupted - probably did not wait as long as intended.
2019-11-11 12:07:20,334 INFO o.a.j.t.JMeterThread: Thread finished: Thread Group 1-24
2019-11-11 12:07:20,334 WARN o.a.j.t.JMeterThread: The delay timer was interrupted - probably did not wait as long as intended.
2019-11-11 12:07:20,334 INFO o.a.j.t.JMeterThread: Thread finished: Thread Group 1-25
2019-11-11 12:07:20,334 INFO o.a.j.t.JMeterThread: Thread finished: Thread Group 1-29
2019-11-11 12:07:20,334 WARN o.a.j.t.JMeterThread: The delay timer was interrupted - probably did not wait as long as intended.
2019-11-11 12:07:20,335 INFO o.a.j.t.JMeterThread: Thread finished: Thread Group 1-34
2019-11-11 12:07:20,335 WARN o.a.j.t.JMeterThread: The delay timer was interrupted - probably did not wait as long as intended.
2019-11-11 12:07:20,335 INFO o.a.j.t.JMeterThread: Thread finished: Thread Group 1-19
2019-11-11 12:07:20,334 INFO o.a.j.t.JMeterThread: Thread finished: Thread Group 1-16
2019-11-11 12:07:20,334 INFO o.a.j.t.JMeterThread: Thread finished: Thread Group 1-30
2019-11-11 12:07:20,334 WARN o.a.j.t.JMeterThread: The delay timer was interrupted - probably did not wait as long as intended.
2019-11-11 12:07:20,335 INFO o.a.j.t.JMeterThread: Thread finished: Thread Group 1-17
2019-11-11 12:07:20,335 INFO o.a.j.e.StandardJMeterEngine: Notifying test listeners of end of test
2019-11-11 12:07:20,336 INFO o.a.j.r.Summariser: Generate Summary Results =    759 in 00:00:09 =   85.3/s Avg:    32 Min:    13 Max:   111 Err:   759 (100.00%)
2019-11-11 12:07:20,336 INFO o.a.j.g.u.JMeterMenuBar: setRunning(false, *local*)
